f:\schoolstuff\3015cw1\comp3015cw1\x64\debug\vc143.pdb
f:\schoolstuff\3015cw1\comp3015cw1\x64\debug\vc143.idb
f:\schoolstuff\3015cw1\comp3015cw1\x64\debug\glad.obj
f:\schoolstuff\3015cw1\comp3015cw1\x64\debug\scenebasic_uniform.obj
f:\schoolstuff\3015cw1\comp3015cw1\x64\debug\main.obj
f:\schoolstuff\3015cw1\comp3015cw1\x64\debug\trianglemesh.obj
f:\schoolstuff\3015cw1\comp3015cw1\x64\debug\texture.obj
f:\schoolstuff\3015cw1\comp3015cw1\x64\debug\stb_image.obj
f:\schoolstuff\3015cw1\comp3015cw1\x64\debug\plane.obj
f:\schoolstuff\3015cw1\comp3015cw1\x64\debug\objmesh.obj
f:\schoolstuff\3015cw1\comp3015cw1\x64\debug\glutils.obj
f:\schoolstuff\3015cw1\comp3015cw1\x64\debug\glslprogram.obj
f:\schoolstuff\3015cw1\comp3015cw1\x64\debug\project_template.exe
f:\schoolstuff\3015cw1\comp3015cw1\x64\debug\project_template.ilk
f:\schoolstuff\3015cw1\comp3015cw1\x64\debug\project_template.pdb
f:\schoolstuff\3015cw1\comp3015cw1\x64\debug\project_template.tlog\cl.command.1.tlog
f:\schoolstuff\3015cw1\comp3015cw1\x64\debug\project_template.tlog\cl.read.1.tlog
f:\schoolstuff\3015cw1\comp3015cw1\x64\debug\project_template.tlog\cl.write.1.tlog
f:\schoolstuff\3015cw1\comp3015cw1\x64\debug\project_template.tlog\link.command.1.tlog
f:\schoolstuff\3015cw1\comp3015cw1\x64\debug\project_template.tlog\link.read.1.tlog
f:\schoolstuff\3015cw1\comp3015cw1\x64\debug\project_template.tlog\link.write.1.tlog
